2022/06/26 19:09:36 [notice] 1#1: using the "epoll" event method
2022/06/26 19:09:36 [notice] 1#1: nginx/1.23.0
2022/06/26 19:09:36 [notice] 1#1: built by gcc 10.2.1 20210110 (Debian 10.2.1-6) 
2022/06/26 19:09:36 [notice] 1#1: OS: Linux 5.10.16.3-microsoft-standard-WSL2
2022/06/26 19:09:36 [notice] 1#1: getrlimit(RLIMIT_NOFILE): 1048576:1048576
2022/06/26 19:09:36 [notice] 1#1: start worker processes
2022/06/26 19:09:36 [notice] 1#1: start worker process 30
2022/06/26 19:09:36 [notice] 1#1: start worker process 31
2022/06/26 19:09:36 [notice] 1#1: start worker process 32
2022/06/26 19:09:36 [notice] 1#1: start worker process 33
2022/06/26 19:30:30 [notice] 1#1: signal 3 (SIGQUIT) received, shutting down
2022/06/26 19:30:30 [notice] 30#30: gracefully shutting down
2022/06/26 19:30:30 [notice] 33#33: gracefully shutting down
2022/06/26 19:30:30 [notice] 30#30: exiting
2022/06/26 19:30:30 [notice] 31#31: gracefully shutting down
2022/06/26 19:30:30 [notice] 30#30: exit
2022/06/26 19:30:30 [notice] 31#31: exiting
2022/06/26 19:30:30 [notice] 31#31: exit
2022/06/26 19:30:30 [notice] 33#33: exiting
2022/06/26 19:30:30 [notice] 33#33: exit
2022/06/26 19:30:30 [notice] 32#32: gracefully shutting down
2022/06/26 19:30:30 [notice] 32#32: exiting
2022/06/26 19:30:30 [notice] 32#32: exit
2022/06/26 19:30:31 [notice] 1#1: signal 17 (SIGCHLD) received from 33
2022/06/26 19:30:31 [notice] 1#1: worker process 32 exited with code 0
2022/06/26 19:30:31 [notice] 1#1: worker process 33 exited with code 0
2022/06/26 19:30:31 [notice] 1#1: signal 29 (SIGIO) received
2022/06/26 19:30:31 [notice] 1#1: signal 17 (SIGCHLD) received from 30
2022/06/26 19:30:31 [notice] 1#1: worker process 30 exited with code 0
2022/06/26 19:30:31 [notice] 1#1: signal 29 (SIGIO) received
2022/06/26 19:30:31 [notice] 1#1: signal 17 (SIGCHLD) received from 31
2022/06/26 19:30:31 [notice] 1#1: worker process 31 exited with code 0
2022/06/26 19:30:31 [notice] 1#1: exit
2022/06/26 19:30:56 [notice] 1#1: using the "epoll" event method
2022/06/26 19:30:56 [notice] 1#1: nginx/1.23.0
2022/06/26 19:30:56 [notice] 1#1: built by gcc 10.2.1 20210110 (Debian 10.2.1-6) 
2022/06/26 19:30:56 [notice] 1#1: OS: Linux 5.10.16.3-microsoft-standard-WSL2
2022/06/26 19:30:56 [notice] 1#1: getrlimit(RLIMIT_NOFILE): 1048576:1048576
2022/06/26 19:30:56 [notice] 1#1: start worker processes
2022/06/26 19:30:56 [notice] 1#1: start worker process 30
2022/06/26 19:30:56 [notice] 1#1: start worker process 31
2022/06/26 19:30:56 [notice] 1#1: start worker process 32
2022/06/26 19:30:56 [notice] 1#1: start worker process 33
2022/06/26 19:51:01 [notice] 1#1: signal 3 (SIGQUIT) received, shutting down
2022/06/26 19:51:01 [notice] 30#30: gracefully shutting down
2022/06/26 19:51:01 [notice] 31#31: gracefully shutting down
2022/06/26 19:51:01 [notice] 31#31: exiting
2022/06/26 19:51:01 [notice] 30#30: exiting
2022/06/26 19:51:01 [notice] 30#30: exit
2022/06/26 19:51:01 [notice] 31#31: exit
2022/06/26 19:51:01 [notice] 33#33: gracefully shutting down
2022/06/26 19:51:01 [notice] 33#33: exiting
2022/06/26 19:51:01 [notice] 33#33: exit
2022/06/26 19:51:01 [notice] 32#32: gracefully shutting down
2022/06/26 19:51:01 [notice] 32#32: exiting
2022/06/26 19:51:01 [notice] 32#32: exit
2022/06/26 19:51:01 [notice] 1#1: signal 17 (SIGCHLD) received from 30
2022/06/26 19:51:01 [notice] 1#1: worker process 30 exited with code 0
2022/06/26 19:51:01 [notice] 1#1: signal 29 (SIGIO) received
2022/06/26 19:51:01 [notice] 1#1: signal 17 (SIGCHLD) received from 33
2022/06/26 19:51:01 [notice] 1#1: worker process 31 exited with code 0
2022/06/26 19:51:01 [notice] 1#1: worker process 32 exited with code 0
2022/06/26 19:51:01 [notice] 1#1: worker process 33 exited with code 0
2022/06/26 19:51:01 [notice] 1#1: exit
2022/06/26 19:51:19 [notice] 1#1: using the "epoll" event method
2022/06/26 19:51:19 [notice] 1#1: nginx/1.23.0
2022/06/26 19:51:19 [notice] 1#1: built by gcc 10.2.1 20210110 (Debian 10.2.1-6) 
2022/06/26 19:51:19 [notice] 1#1: OS: Linux 5.10.16.3-microsoft-standard-WSL2
2022/06/26 19:51:19 [notice] 1#1: getrlimit(RLIMIT_NOFILE): 1048576:1048576
2022/06/26 19:51:19 [notice] 1#1: start worker processes
2022/06/26 19:51:19 [notice] 1#1: start worker process 31
2022/06/26 19:51:19 [notice] 1#1: start worker process 32
2022/06/26 19:51:19 [notice] 1#1: start worker process 33
2022/06/26 19:51:19 [notice] 1#1: start worker process 34
2022/06/26 19:57:18 [notice] 1#1: signal 3 (SIGQUIT) received, shutting down
2022/06/26 19:57:18 [notice] 32#32: gracefully shutting down
2022/06/26 19:57:18 [notice] 31#31: gracefully shutting down
2022/06/26 19:57:18 [notice] 32#32: exiting
2022/06/26 19:57:18 [notice] 31#31: exiting
2022/06/26 19:57:18 [notice] 32#32: exit
2022/06/26 19:57:18 [notice] 31#31: exit
2022/06/26 19:57:18 [notice] 34#34: gracefully shutting down
2022/06/26 19:57:18 [notice] 34#34: exiting
2022/06/26 19:57:18 [notice] 34#34: exit
2022/06/26 19:57:18 [notice] 33#33: gracefully shutting down
2022/06/26 19:57:18 [notice] 33#33: exiting
2022/06/26 19:57:18 [notice] 33#33: exit
2022/06/26 19:57:18 [notice] 1#1: signal 17 (SIGCHLD) received from 32
2022/06/26 19:57:18 [notice] 1#1: worker process 31 exited with code 0
2022/06/26 19:57:18 [notice] 1#1: worker process 32 exited with code 0
2022/06/26 19:57:18 [notice] 1#1: worker process 33 exited with code 0
2022/06/26 19:57:18 [notice] 1#1: worker process 34 exited with code 0
2022/06/26 19:57:18 [notice] 1#1: exit
2022/06/26 19:57:35 [notice] 1#1: using the "epoll" event method
2022/06/26 19:57:35 [notice] 1#1: nginx/1.23.0
2022/06/26 19:57:35 [notice] 1#1: built by gcc 10.2.1 20210110 (Debian 10.2.1-6) 
2022/06/26 19:57:35 [notice] 1#1: OS: Linux 5.10.16.3-microsoft-standard-WSL2
2022/06/26 19:57:35 [notice] 1#1: getrlimit(RLIMIT_NOFILE): 1048576:1048576
2022/06/26 19:57:35 [notice] 1#1: start worker processes
2022/06/26 19:57:35 [notice] 1#1: start worker process 31
2022/06/26 19:57:35 [notice] 1#1: start worker process 32
2022/06/26 19:57:35 [notice] 1#1: start worker process 33
2022/06/26 19:57:35 [notice] 1#1: start worker process 34
2022/06/26 20:02:13 [emerg] 45#45: bind() to 0.0.0.0:80 failed (98: Address already in use)
2022/06/26 20:02:13 [notice] 45#45: try again to bind() after 500ms
2022/06/26 20:02:13 [emerg] 45#45: bind() to 0.0.0.0:80 failed (98: Address already in use)
2022/06/26 20:02:13 [notice] 45#45: try again to bind() after 500ms
2022/06/26 20:02:13 [emerg] 45#45: bind() to 0.0.0.0:80 failed (98: Address already in use)
2022/06/26 20:02:13 [notice] 45#45: try again to bind() after 500ms
2022/06/26 20:02:13 [emerg] 45#45: bind() to 0.0.0.0:80 failed (98: Address already in use)
2022/06/26 20:02:13 [notice] 45#45: try again to bind() after 500ms
2022/06/26 20:02:13 [emerg] 45#45: bind() to 0.0.0.0:80 failed (98: Address already in use)
2022/06/26 20:02:13 [notice] 45#45: try again to bind() after 500ms
2022/06/26 20:02:13 [emerg] 45#45: still could not bind()
2022/06/26 20:03:35 [notice] 1#1: signal 3 (SIGQUIT) received, shutting down
2022/06/26 20:03:35 [notice] 34#34: gracefully shutting down
2022/06/26 20:03:35 [notice] 34#34: exiting
2022/06/26 20:03:35 [notice] 33#33: gracefully shutting down
2022/06/26 20:03:35 [notice] 33#33: exiting
2022/06/26 20:03:35 [notice] 34#34: exit
2022/06/26 20:03:35 [notice] 33#33: exit
2022/06/26 20:03:35 [notice] 32#32: gracefully shutting down
2022/06/26 20:03:35 [notice] 32#32: exiting
2022/06/26 20:03:35 [notice] 32#32: exit
2022/06/26 20:03:35 [notice] 31#31: gracefully shutting down
2022/06/26 20:03:35 [notice] 31#31: exiting
2022/06/26 20:03:35 [notice] 31#31: exit
2022/06/26 20:03:35 [notice] 1#1: signal 17 (SIGCHLD) received from 32
2022/06/26 20:03:35 [notice] 1#1: worker process 32 exited with code 0
2022/06/26 20:03:35 [notice] 1#1: signal 29 (SIGIO) received
2022/06/26 20:03:35 [notice] 1#1: signal 17 (SIGCHLD) received from 31
2022/06/26 20:03:35 [notice] 1#1: worker process 31 exited with code 0
2022/06/26 20:03:35 [notice] 1#1: signal 29 (SIGIO) received
2022/06/26 20:03:35 [notice] 1#1: signal 17 (SIGCHLD) received from 33
2022/06/26 20:03:35 [notice] 1#1: worker process 33 exited with code 0
2022/06/26 20:03:35 [notice] 1#1: signal 17 (SIGCHLD) received from 34
2022/06/26 20:03:35 [notice] 1#1: worker process 34 exited with code 0
2022/06/26 20:03:35 [notice] 1#1: exit
2022/06/26 20:03:52 [notice] 1#1: using the "epoll" event method
2022/06/26 20:03:52 [notice] 1#1: nginx/1.23.0
2022/06/26 20:03:52 [notice] 1#1: built by gcc 10.2.1 20210110 (Debian 10.2.1-6) 
2022/06/26 20:03:52 [notice] 1#1: OS: Linux 5.10.16.3-microsoft-standard-WSL2
2022/06/26 20:03:52 [notice] 1#1: getrlimit(RLIMIT_NOFILE): 1048576:1048576
2022/06/26 20:03:52 [notice] 1#1: start worker processes
2022/06/26 20:03:52 [notice] 1#1: start worker process 30
2022/06/26 20:03:52 [notice] 1#1: start worker process 31
2022/06/26 20:03:52 [notice] 1#1: start worker process 32
2022/06/26 20:03:52 [notice] 1#1: start worker process 33
2022/06/26 20:06:23 [notice] 1#1: signal 3 (SIGQUIT) received, shutting down
2022/06/26 20:06:23 [notice] 32#32: gracefully shutting down
2022/06/26 20:06:23 [notice] 33#33: gracefully shutting down
2022/06/26 20:06:23 [notice] 32#32: exiting
2022/06/26 20:06:23 [notice] 31#31: gracefully shutting down
2022/06/26 20:06:23 [notice] 33#33: exiting
2022/06/26 20:06:23 [notice] 31#31: exiting
2022/06/26 20:06:23 [notice] 32#32: exit
2022/06/26 20:06:23 [notice] 33#33: exit
2022/06/26 20:06:23 [notice] 31#31: exit
2022/06/26 20:06:23 [notice] 30#30: gracefully shutting down
2022/06/26 20:06:23 [notice] 30#30: exiting
2022/06/26 20:06:23 [notice] 30#30: exit
2022/06/26 20:06:23 [notice] 1#1: signal 17 (SIGCHLD) received from 31
2022/06/26 20:06:23 [notice] 1#1: worker process 31 exited with code 0
2022/06/26 20:06:23 [notice] 1#1: signal 29 (SIGIO) received
2022/06/26 20:06:23 [notice] 1#1: signal 17 (SIGCHLD) received from 32
2022/06/26 20:06:23 [notice] 1#1: worker process 32 exited with code 0
2022/06/26 20:06:23 [notice] 1#1: signal 29 (SIGIO) received
2022/06/26 20:06:23 [notice] 1#1: signal 17 (SIGCHLD) received from 33
2022/06/26 20:06:23 [notice] 1#1: worker process 30 exited with code 0
2022/06/26 20:06:23 [notice] 1#1: worker process 33 exited with code 0
2022/06/26 20:06:23 [notice] 1#1: exit
2022/06/26 20:06:32 [emerg] 1#1: host not found in upstream "frontend" in /etc/nginx/conf.d/default.conf:31
2022/06/26 20:06:35 [emerg] 1#1: host not found in upstream "frontend" in /etc/nginx/conf.d/default.conf:31
2022/06/26 20:06:38 [emerg] 1#1: host not found in upstream "frontend" in /etc/nginx/conf.d/default.conf:31
2022/06/26 20:06:41 [emerg] 1#1: host not found in upstream "frontend" in /etc/nginx/conf.d/default.conf:31
2022/06/26 20:06:44 [emerg] 1#1: host not found in upstream "frontend" in /etc/nginx/conf.d/default.conf:31
2022/06/26 20:06:48 [emerg] 1#1: host not found in upstream "frontend" in /etc/nginx/conf.d/default.conf:31
2022/06/26 20:06:54 [emerg] 1#1: host not found in upstream "frontend" in /etc/nginx/conf.d/default.conf:31
2022/06/26 20:07:02 [emerg] 1#1: host not found in upstream "frontend" in /etc/nginx/conf.d/default.conf:31
2022/06/26 20:07:17 [emerg] 1#1: host not found in upstream "frontend" in /etc/nginx/conf.d/default.conf:31
2022/06/26 20:07:45 [emerg] 1#1: host not found in upstream "frontend" in /etc/nginx/conf.d/default.conf:31
2022/06/26 20:08:39 [emerg] 1#1: cannot load certificate "/etc/nginx/certs/your_site_crt_file.crt": BIO_new_file() failed (SSL: error:02001002:system library:fopen:No such file or directory:fopen('/etc/nginx/certs/your_site_crt_file.crt','r') error:2006D080:BIO routines:BIO_new_file:no such file)
2022/06/26 20:08:41 [emerg] 1#1: cannot load certificate "/etc/nginx/certs/your_site_crt_file.crt": BIO_new_file() failed (SSL: error:02001002:system library:fopen:No such file or directory:fopen('/etc/nginx/certs/your_site_crt_file.crt','r') error:2006D080:BIO routines:BIO_new_file:no such file)
2022/06/26 20:08:43 [emerg] 1#1: cannot load certificate "/etc/nginx/certs/your_site_crt_file.crt": BIO_new_file() failed (SSL: error:02001002:system library:fopen:No such file or directory:fopen('/etc/nginx/certs/your_site_crt_file.crt','r') error:2006D080:BIO routines:BIO_new_file:no such file)
2022/06/26 20:08:45 [emerg] 1#1: cannot load certificate "/etc/nginx/certs/your_site_crt_file.crt": BIO_new_file() failed (SSL: error:02001002:system library:fopen:No such file or directory:fopen('/etc/nginx/certs/your_site_crt_file.crt','r') error:2006D080:BIO routines:BIO_new_file:no such file)
2022/06/26 20:08:47 [emerg] 1#1: cannot load certificate "/etc/nginx/certs/your_site_crt_file.crt": BIO_new_file() failed (SSL: error:02001002:system library:fopen:No such file or directory:fopen('/etc/nginx/certs/your_site_crt_file.crt','r') error:2006D080:BIO routines:BIO_new_file:no such file)
2022/06/26 20:08:50 [emerg] 1#1: cannot load certificate "/etc/nginx/certs/your_site_crt_file.crt": BIO_new_file() failed (SSL: error:02001002:system library:fopen:No such file or directory:fopen('/etc/nginx/certs/your_site_crt_file.crt','r') error:2006D080:BIO routines:BIO_new_file:no such file)
2022/06/26 20:08:55 [emerg] 1#1: cannot load certificate "/etc/nginx/certs/your_site_crt_file.crt": BIO_new_file() failed (SSL: error:02001002:system library:fopen:No such file or directory:fopen('/etc/nginx/certs/your_site_crt_file.crt','r') error:2006D080:BIO routines:BIO_new_file:no such file)
2022/06/26 20:09:02 [emerg] 1#1: cannot load certificate "/etc/nginx/certs/your_site_crt_file.crt": BIO_new_file() failed (SSL: error:02001002:system library:fopen:No such file or directory:fopen('/etc/nginx/certs/your_site_crt_file.crt','r') error:2006D080:BIO routines:BIO_new_file:no such file)
2022/06/26 20:09:16 [emerg] 1#1: cannot load certificate "/etc/nginx/certs/your_site_crt_file.crt": BIO_new_file() failed (SSL: error:02001002:system library:fopen:No such file or directory:fopen('/etc/nginx/certs/your_site_crt_file.crt','r') error:2006D080:BIO routines:BIO_new_file:no such file)
2022/06/26 20:09:34 [notice] 1#1: using the "epoll" event method
2022/06/26 20:09:34 [notice] 1#1: nginx/1.23.0
2022/06/26 20:09:34 [notice] 1#1: built by gcc 10.2.1 20210110 (Debian 10.2.1-6) 
2022/06/26 20:09:34 [notice] 1#1: OS: Linux 5.10.16.3-microsoft-standard-WSL2
2022/06/26 20:09:34 [notice] 1#1: getrlimit(RLIMIT_NOFILE): 1048576:1048576
2022/06/26 20:09:34 [notice] 1#1: start worker processes
2022/06/26 20:09:34 [notice] 1#1: start worker process 30
2022/06/26 20:09:34 [notice] 1#1: start worker process 31
2022/06/26 20:09:34 [notice] 1#1: start worker process 32
2022/06/26 20:09:34 [notice] 1#1: start worker process 33
2022/06/26 21:47:13 [notice] 1#1: signal 3 (SIGQUIT) received, shutting down
2022/06/26 21:47:13 [notice] 32#32: gracefully shutting down
2022/06/26 21:47:13 [notice] 32#32: exiting
2022/06/26 21:47:13 [notice] 32#32: exit
2022/06/26 21:47:13 [notice] 33#33: gracefully shutting down
2022/06/26 21:47:13 [notice] 31#31: gracefully shutting down
2022/06/26 21:47:13 [notice] 33#33: exiting
2022/06/26 21:47:13 [notice] 31#31: exiting
2022/06/26 21:47:13 [notice] 33#33: exit
2022/06/26 21:47:13 [notice] 31#31: exit
2022/06/26 21:47:13 [notice] 30#30: gracefully shutting down
2022/06/26 21:47:13 [notice] 30#30: exiting
2022/06/26 21:47:13 [notice] 30#30: exit
2022/06/26 21:47:13 [notice] 1#1: signal 17 (SIGCHLD) received from 31
2022/06/26 21:47:13 [notice] 1#1: worker process 31 exited with code 0
2022/06/26 21:47:13 [notice] 1#1: signal 29 (SIGIO) received
2022/06/26 21:47:13 [notice] 1#1: signal 17 (SIGCHLD) received from 32
2022/06/26 21:47:13 [notice] 1#1: worker process 30 exited with code 0
2022/06/26 21:47:13 [notice] 1#1: worker process 32 exited with code 0
2022/06/26 21:47:13 [notice] 1#1: worker process 33 exited with code 0
2022/06/26 21:47:13 [notice] 1#1: exit
2022/06/26 21:48:48 [emerg] 1#1: host not found in upstream "frontend" in /etc/nginx/conf.d/default.conf:31
2022/06/26 21:48:51 [emerg] 1#1: host not found in upstream "frontend" in /etc/nginx/conf.d/default.conf:31
2022/06/26 21:48:54 [emerg] 1#1: host not found in upstream "frontend" in /etc/nginx/conf.d/default.conf:31
2022/06/26 21:48:57 [emerg] 1#1: host not found in upstream "frontend" in /etc/nginx/conf.d/default.conf:31
2022/06/26 21:49:00 [emerg] 1#1: host not found in upstream "frontend" in /etc/nginx/conf.d/default.conf:31
2022/06/26 21:49:03 [emerg] 1#1: host not found in upstream "frontend" in /etc/nginx/conf.d/default.conf:31
2022/06/26 21:49:09 [emerg] 1#1: host not found in upstream "frontend" in /etc/nginx/conf.d/default.conf:31
2022/06/26 21:49:18 [emerg] 1#1: host not found in upstream "frontend" in /etc/nginx/conf.d/default.conf:31
2022/06/26 21:49:33 [emerg] 1#1: host not found in upstream "frontend" in /etc/nginx/conf.d/default.conf:31
2022/06/26 21:50:01 [emerg] 1#1: host not found in upstream "frontend" in /etc/nginx/conf.d/default.conf:31
2022/06/26 21:50:54 [emerg] 1#1: host not found in upstream "frontend" in /etc/nginx/conf.d/default.conf:31
2022/06/26 21:51:56 [emerg] 1#1: host not found in upstream "frontend" in /etc/nginx/conf.d/default.conf:31
2022/06/26 21:52:59 [emerg] 1#1: host not found in upstream "frontend" in /etc/nginx/conf.d/default.conf:31
2022/06/26 21:54:01 [emerg] 1#1: host not found in upstream "frontend" in /etc/nginx/conf.d/default.conf:31
2022/06/26 21:55:03 [emerg] 1#1: host not found in upstream "frontend" in /etc/nginx/conf.d/default.conf:31
2022/06/26 21:56:06 [emerg] 1#1: host not found in upstream "frontend" in /etc/nginx/conf.d/default.conf:31
2022/06/26 21:57:08 [emerg] 1#1: host not found in upstream "frontend" in /etc/nginx/conf.d/default.conf:31
2022/06/26 21:58:10 [emerg] 1#1: host not found in upstream "frontend" in /etc/nginx/conf.d/default.conf:31
2022/06/26 21:59:13 [emerg] 1#1: host not found in upstream "frontend" in /etc/nginx/conf.d/default.conf:31
2022/06/26 22:00:15 [emerg] 1#1: host not found in upstream "frontend" in /etc/nginx/conf.d/default.conf:31
2022/06/26 22:01:18 [emerg] 1#1: host not found in upstream "frontend" in /etc/nginx/conf.d/default.conf:31
2022/06/26 22:02:20 [emerg] 1#1: host not found in upstream "frontend" in /etc/nginx/conf.d/default.conf:31
2022/06/26 22:03:22 [emerg] 1#1: host not found in upstream "frontend" in /etc/nginx/conf.d/default.conf:31
2022/06/26 22:04:25 [emerg] 1#1: host not found in upstream "frontend" in /etc/nginx/conf.d/default.conf:31
2022/06/26 22:05:27 [emerg] 1#1: host not found in upstream "frontend" in /etc/nginx/conf.d/default.conf:31
2022/06/26 22:06:29 [emerg] 1#1: host not found in upstream "frontend" in /etc/nginx/conf.d/default.conf:31
2022/06/26 22:07:32 [emerg] 1#1: host not found in upstream "frontend" in /etc/nginx/conf.d/default.conf:31
2022/06/26 22:08:34 [emerg] 1#1: host not found in upstream "frontend" in /etc/nginx/conf.d/default.conf:31
2022/06/26 22:09:37 [emerg] 1#1: host not found in upstream "frontend" in /etc/nginx/conf.d/default.conf:31
2022/06/26 22:10:39 [emerg] 1#1: host not found in upstream "frontend" in /etc/nginx/conf.d/default.conf:31
2022/06/26 22:11:42 [emerg] 1#1: host not found in upstream "frontend" in /etc/nginx/conf.d/default.conf:31
2022/06/26 22:12:44 [emerg] 1#1: host not found in upstream "frontend" in /etc/nginx/conf.d/default.conf:31
2022/06/26 22:13:46 [emerg] 1#1: host not found in upstream "frontend" in /etc/nginx/conf.d/default.conf:31
2022/06/26 22:14:49 [emerg] 1#1: host not found in upstream "frontend" in /etc/nginx/conf.d/default.conf:31
2022/06/26 22:15:51 [emerg] 1#1: host not found in upstream "frontend" in /etc/nginx/conf.d/default.conf:31
2022/06/26 22:16:53 [emerg] 1#1: host not found in upstream "frontend" in /etc/nginx/conf.d/default.conf:31
2022/06/26 22:17:56 [emerg] 1#1: host not found in upstream "frontend" in /etc/nginx/conf.d/default.conf:31
2022/06/26 22:18:58 [emerg] 1#1: host not found in upstream "frontend" in /etc/nginx/conf.d/default.conf:31
2022/06/26 22:20:00 [emerg] 1#1: host not found in upstream "frontend" in /etc/nginx/conf.d/default.conf:31
2022/06/26 22:21:03 [emerg] 1#1: host not found in upstream "frontend" in /etc/nginx/conf.d/default.conf:31
2022/06/26 22:22:05 [emerg] 1#1: host not found in upstream "frontend" in /etc/nginx/conf.d/default.conf:31
2022/06/26 22:23:07 [emerg] 1#1: host not found in upstream "frontend" in /etc/nginx/conf.d/default.conf:31
2022/06/26 22:24:09 [emerg] 1#1: host not found in upstream "frontend" in /etc/nginx/conf.d/default.conf:31
2022/06/26 22:25:11 [emerg] 1#1: host not found in upstream "frontend" in /etc/nginx/conf.d/default.conf:31
2022/06/26 22:26:14 [emerg] 1#1: host not found in upstream "frontend" in /etc/nginx/conf.d/default.conf:31
2022/06/26 22:27:16 [emerg] 1#1: host not found in upstream "frontend" in /etc/nginx/conf.d/default.conf:31
2022/06/26 22:28:18 [emerg] 1#1: host not found in upstream "frontend" in /etc/nginx/conf.d/default.conf:31
2022/06/26 22:29:20 [emerg] 1#1: host not found in upstream "frontend" in /etc/nginx/conf.d/default.conf:31
2022/06/26 22:30:23 [emerg] 1#1: host not found in upstream "frontend" in /etc/nginx/conf.d/default.conf:31
2022/06/26 22:31:25 [emerg] 1#1: host not found in upstream "frontend" in /etc/nginx/conf.d/default.conf:31
2022/06/26 22:32:27 [emerg] 1#1: host not found in upstream "frontend" in /etc/nginx/conf.d/default.conf:31
2022/06/26 22:33:29 [emerg] 1#1: host not found in upstream "frontend" in /etc/nginx/conf.d/default.conf:31
2022/06/26 22:34:32 [emerg] 1#1: host not found in upstream "frontend" in /etc/nginx/conf.d/default.conf:31
2022/06/26 22:35:34 [emerg] 1#1: host not found in upstream "frontend" in /etc/nginx/conf.d/default.conf:31
2022/06/26 22:36:36 [emerg] 1#1: host not found in upstream "frontend" in /etc/nginx/conf.d/default.conf:31
2022/06/26 22:37:39 [emerg] 1#1: host not found in upstream "frontend" in /etc/nginx/conf.d/default.conf:31
2022/06/26 22:38:41 [emerg] 1#1: host not found in upstream "frontend" in /etc/nginx/conf.d/default.conf:31
2022/06/26 22:39:43 [emerg] 1#1: host not found in upstream "frontend" in /etc/nginx/conf.d/default.conf:31
2022/06/26 22:40:45 [emerg] 1#1: host not found in upstream "frontend" in /etc/nginx/conf.d/default.conf:31
2022/06/26 22:41:48 [emerg] 1#1: host not found in upstream "frontend" in /etc/nginx/conf.d/default.conf:31
2022/06/26 22:42:50 [emerg] 1#1: host not found in upstream "frontend" in /etc/nginx/conf.d/default.conf:31
2022/06/26 22:43:52 [emerg] 1#1: host not found in upstream "frontend" in /etc/nginx/conf.d/default.conf:31
2022/06/26 22:44:55 [emerg] 1#1: host not found in upstream "frontend" in /etc/nginx/conf.d/default.conf:31
2022/06/26 22:45:57 [emerg] 1#1: host not found in upstream "frontend" in /etc/nginx/conf.d/default.conf:31
2022/06/26 22:46:59 [emerg] 1#1: host not found in upstream "frontend" in /etc/nginx/conf.d/default.conf:31
2022/06/26 22:48:02 [emerg] 1#1: host not found in upstream "frontend" in /etc/nginx/conf.d/default.conf:31
2022/06/26 22:49:04 [emerg] 1#1: host not found in upstream "frontend" in /etc/nginx/conf.d/default.conf:31
2022/06/26 22:50:06 [emerg] 1#1: host not found in upstream "frontend" in /etc/nginx/conf.d/default.conf:31
2022/06/26 22:51:09 [emerg] 1#1: host not found in upstream "frontend" in /etc/nginx/conf.d/default.conf:31
2022/06/26 22:52:11 [emerg] 1#1: host not found in upstream "frontend" in /etc/nginx/conf.d/default.conf:31
2022/06/26 22:53:13 [emerg] 1#1: host not found in upstream "frontend" in /etc/nginx/conf.d/default.conf:31
2022/06/26 22:54:15 [emerg] 1#1: host not found in upstream "frontend" in /etc/nginx/conf.d/default.conf:31
2022/06/26 22:55:18 [emerg] 1#1: host not found in upstream "frontend" in /etc/nginx/conf.d/default.conf:31
2022/06/26 22:56:20 [emerg] 1#1: host not found in upstream "frontend" in /etc/nginx/conf.d/default.conf:31
2022/06/26 22:57:22 [emerg] 1#1: host not found in upstream "frontend" in /etc/nginx/conf.d/default.conf:31
2022/06/26 22:58:24 [emerg] 1#1: host not found in upstream "frontend" in /etc/nginx/conf.d/default.conf:31
2022/06/26 22:59:27 [emerg] 1#1: host not found in upstream "frontend" in /etc/nginx/conf.d/default.conf:31
2022/06/26 23:00:29 [emerg] 1#1: host not found in upstream "frontend" in /etc/nginx/conf.d/default.conf:31
2022/06/26 23:01:31 [emerg] 1#1: host not found in upstream "frontend" in /etc/nginx/conf.d/default.conf:31
2022/06/26 23:02:34 [emerg] 1#1: host not found in upstream "frontend" in /etc/nginx/conf.d/default.conf:31
2022/06/26 23:03:36 [emerg] 1#1: host not found in upstream "frontend" in /etc/nginx/conf.d/default.conf:31
2022/06/26 23:04:38 [emerg] 1#1: host not found in upstream "frontend" in /etc/nginx/conf.d/default.conf:31
2022/06/26 23:05:40 [emerg] 1#1: host not found in upstream "frontend" in /etc/nginx/conf.d/default.conf:31
2022/06/26 23:06:43 [emerg] 1#1: host not found in upstream "frontend" in /etc/nginx/conf.d/default.conf:31
2022/06/26 23:07:45 [emerg] 1#1: host not found in upstream "frontend" in /etc/nginx/conf.d/default.conf:31
2022/06/26 23:08:47 [emerg] 1#1: host not found in upstream "frontend" in /etc/nginx/conf.d/default.conf:31
2022/06/26 23:09:49 [emerg] 1#1: host not found in upstream "frontend" in /etc/nginx/conf.d/default.conf:31
2022/06/26 23:10:52 [emerg] 1#1: host not found in upstream "frontend" in /etc/nginx/conf.d/default.conf:31
2022/06/26 23:11:54 [emerg] 1#1: host not found in upstream "frontend" in /etc/nginx/conf.d/default.conf:31
2022/06/26 23:12:56 [emerg] 1#1: host not found in upstream "frontend" in /etc/nginx/conf.d/default.conf:31
2022/06/26 23:13:59 [emerg] 1#1: host not found in upstream "frontend" in /etc/nginx/conf.d/default.conf:31
2022/06/26 23:15:01 [emerg] 1#1: host not found in upstream "frontend" in /etc/nginx/conf.d/default.conf:31
2022/06/26 23:16:03 [emerg] 1#1: host not found in upstream "frontend" in /etc/nginx/conf.d/default.conf:31
2022/06/26 23:17:05 [emerg] 1#1: host not found in upstream "frontend" in /etc/nginx/conf.d/default.conf:31
2022/06/26 23:18:08 [emerg] 1#1: host not found in upstream "frontend" in /etc/nginx/conf.d/default.conf:31
2022/06/26 23:19:10 [emerg] 1#1: host not found in upstream "frontend" in /etc/nginx/conf.d/default.conf:31
2022/06/26 23:20:12 [emerg] 1#1: host not found in upstream "frontend" in /etc/nginx/conf.d/default.conf:31
2022/06/26 23:21:14 [emerg] 1#1: host not found in upstream "frontend" in /etc/nginx/conf.d/default.conf:31
2022/06/26 23:22:17 [emerg] 1#1: host not found in upstream "frontend" in /etc/nginx/conf.d/default.conf:31
2022/06/26 23:23:19 [emerg] 1#1: host not found in upstream "frontend" in /etc/nginx/conf.d/default.conf:31
2022/06/26 23:24:21 [emerg] 1#1: host not found in upstream "frontend" in /etc/nginx/conf.d/default.conf:31
2022/06/26 23:25:24 [emerg] 1#1: host not found in upstream "frontend" in /etc/nginx/conf.d/default.conf:31
2022/06/26 23:26:26 [emerg] 1#1: host not found in upstream "frontend" in /etc/nginx/conf.d/default.conf:31
2022/06/26 23:27:28 [emerg] 1#1: host not found in upstream "frontend" in /etc/nginx/conf.d/default.conf:31
2022/06/26 23:28:30 [emerg] 1#1: host not found in upstream "frontend" in /etc/nginx/conf.d/default.conf:31
2022/06/26 23:29:33 [emerg] 1#1: host not found in upstream "frontend" in /etc/nginx/conf.d/default.conf:31
2022/06/26 23:30:35 [emerg] 1#1: host not found in upstream "frontend" in /etc/nginx/conf.d/default.conf:31
2022/06/26 23:31:37 [emerg] 1#1: host not found in upstream "frontend" in /etc/nginx/conf.d/default.conf:31
2022/06/26 23:32:39 [emerg] 1#1: host not found in upstream "frontend" in /etc/nginx/conf.d/default.conf:31
2022/06/26 23:33:42 [emerg] 1#1: host not found in upstream "frontend" in /etc/nginx/conf.d/default.conf:31
2022/06/26 23:34:44 [emerg] 1#1: host not found in upstream "frontend" in /etc/nginx/conf.d/default.conf:31
2022/06/26 23:35:46 [emerg] 1#1: host not found in upstream "frontend" in /etc/nginx/conf.d/default.conf:31
2022/06/26 23:36:48 [emerg] 1#1: host not found in upstream "frontend" in /etc/nginx/conf.d/default.conf:31
2022/06/26 23:37:51 [emerg] 1#1: host not found in upstream "frontend" in /etc/nginx/conf.d/default.conf:31
2022/06/26 23:38:53 [emerg] 1#1: host not found in upstream "frontend" in /etc/nginx/conf.d/default.conf:31
2022/06/26 23:39:55 [emerg] 1#1: host not found in upstream "frontend" in /etc/nginx/conf.d/default.conf:31
2022/06/26 23:40:57 [emerg] 1#1: host not found in upstream "frontend" in /etc/nginx/conf.d/default.conf:31
2022/06/26 23:41:59 [emerg] 1#1: host not found in upstream "frontend" in /etc/nginx/conf.d/default.conf:31
2022/06/26 23:43:02 [emerg] 1#1: host not found in upstream "frontend" in /etc/nginx/conf.d/default.conf:31
2022/06/26 23:44:04 [emerg] 1#1: host not found in upstream "frontend" in /etc/nginx/conf.d/default.conf:31
2022/06/26 23:45:06 [emerg] 1#1: host not found in upstream "frontend" in /etc/nginx/conf.d/default.conf:31
2022/06/26 23:46:08 [emerg] 1#1: host not found in upstream "frontend" in /etc/nginx/conf.d/default.conf:31
2022/06/26 23:47:11 [emerg] 1#1: host not found in upstream "frontend" in /etc/nginx/conf.d/default.conf:31
2022/06/26 23:48:13 [emerg] 1#1: host not found in upstream "frontend" in /etc/nginx/conf.d/default.conf:31
2022/06/26 23:49:15 [emerg] 1#1: host not found in upstream "frontend" in /etc/nginx/conf.d/default.conf:31
2022/06/26 23:50:18 [emerg] 1#1: host not found in upstream "frontend" in /etc/nginx/conf.d/default.conf:31
2022/06/26 23:51:20 [emerg] 1#1: host not found in upstream "frontend" in /etc/nginx/conf.d/default.conf:31
2022/06/26 23:52:22 [emerg] 1#1: host not found in upstream "frontend" in /etc/nginx/conf.d/default.conf:31
2022/06/26 23:53:25 [emerg] 1#1: host not found in upstream "frontend" in /etc/nginx/conf.d/default.conf:31
2022/06/26 23:54:27 [emerg] 1#1: host not found in upstream "frontend" in /etc/nginx/conf.d/default.conf:31
2022/06/26 23:55:29 [emerg] 1#1: host not found in upstream "frontend" in /etc/nginx/conf.d/default.conf:31
2022/06/26 23:56:32 [emerg] 1#1: host not found in upstream "frontend" in /etc/nginx/conf.d/default.conf:31
2022/06/26 23:57:34 [emerg] 1#1: host not found in upstream "frontend" in /etc/nginx/conf.d/default.conf:31
2022/06/26 23:58:36 [emerg] 1#1: host not found in upstream "frontend" in /etc/nginx/conf.d/default.conf:31
2022/06/26 23:59:39 [emerg] 1#1: host not found in upstream "frontend" in /etc/nginx/conf.d/default.conf:31
2022/06/27 00:00:41 [emerg] 1#1: host not found in upstream "frontend" in /etc/nginx/conf.d/default.conf:31
2022/06/27 00:01:43 [emerg] 1#1: host not found in upstream "frontend" in /etc/nginx/conf.d/default.conf:31
2022/06/27 00:02:46 [emerg] 1#1: host not found in upstream "frontend" in /etc/nginx/conf.d/default.conf:31
2022/06/27 00:03:48 [emerg] 1#1: host not found in upstream "frontend" in /etc/nginx/conf.d/default.conf:31
2022/06/27 00:04:50 [emerg] 1#1: host not found in upstream "frontend" in /etc/nginx/conf.d/default.conf:31
2022/06/27 00:05:52 [emerg] 1#1: host not found in upstream "frontend" in /etc/nginx/conf.d/default.conf:31
2022/06/27 00:06:55 [emerg] 1#1: host not found in upstream "frontend" in /etc/nginx/conf.d/default.conf:31
2022/06/27 00:07:57 [emerg] 1#1: host not found in upstream "frontend" in /etc/nginx/conf.d/default.conf:31
2022/06/27 00:09:00 [emerg] 1#1: host not found in upstream "frontend" in /etc/nginx/conf.d/default.conf:31
2022/06/27 00:10:03 [emerg] 1#1: host not found in upstream "frontend" in /etc/nginx/conf.d/default.conf:31
2022/06/27 00:11:05 [emerg] 1#1: host not found in upstream "frontend" in /etc/nginx/conf.d/default.conf:31
2022/06/27 00:11:17 [emerg] 1#1: host not found in upstream "frontend" in /etc/nginx/conf.d/default.conf:31
2022/06/27 00:11:30 [emerg] 1#1: host not found in upstream "frontend" in /etc/nginx/conf.d/default.conf:31
2022/06/27 00:11:33 [emerg] 1#1: host not found in upstream "frontend" in /etc/nginx/conf.d/default.conf:31
2022/06/27 00:11:36 [emerg] 1#1: host not found in upstream "frontend" in /etc/nginx/conf.d/default.conf:31
2022/06/27 00:11:39 [emerg] 1#1: host not found in upstream "frontend" in /etc/nginx/conf.d/default.conf:31
2022/06/27 00:11:43 [emerg] 1#1: host not found in upstream "frontend" in /etc/nginx/conf.d/default.conf:31
2022/06/27 00:11:48 [emerg] 1#1: host not found in upstream "frontend" in /etc/nginx/conf.d/default.conf:31
2022/06/27 00:11:57 [emerg] 1#1: host not found in upstream "frontend" in /etc/nginx/conf.d/default.conf:31
2022/06/27 00:12:12 [emerg] 1#1: host not found in upstream "frontend" in /etc/nginx/conf.d/default.conf:31
2022/06/27 00:12:40 [emerg] 1#1: host not found in upstream "frontend" in /etc/nginx/conf.d/default.conf:31
2022/06/27 00:13:34 [emerg] 1#1: host not found in upstream "frontend" in /etc/nginx/conf.d/default.conf:31
2022/06/27 00:14:36 [emerg] 1#1: host not found in upstream "frontend" in /etc/nginx/conf.d/default.conf:31
2022/06/27 00:15:39 [emerg] 1#1: host not found in upstream "frontend" in /etc/nginx/conf.d/default.conf:31
2022/06/27 00:16:41 [emerg] 1#1: host not found in upstream "frontend" in /etc/nginx/conf.d/default.conf:31
2022/06/27 00:17:43 [emerg] 1#1: host not found in upstream "frontend" in /etc/nginx/conf.d/default.conf:31
2022/06/27 00:18:46 [emerg] 1#1: host not found in upstream "frontend" in /etc/nginx/conf.d/default.conf:31
2022/06/27 00:19:48 [emerg] 1#1: host not found in upstream "frontend" in /etc/nginx/conf.d/default.conf:31
2022/06/27 00:20:50 [emerg] 1#1: host not found in upstream "frontend" in /etc/nginx/conf.d/default.conf:31
2022/06/27 00:21:53 [emerg] 1#1: host not found in upstream "frontend" in /etc/nginx/conf.d/default.conf:31
2022/06/27 00:22:55 [emerg] 1#1: host not found in upstream "frontend" in /etc/nginx/conf.d/default.conf:31
2022/06/27 00:23:58 [emerg] 1#1: host not found in upstream "frontend" in /etc/nginx/conf.d/default.conf:31
2022/06/27 00:25:00 [emerg] 1#1: host not found in upstream "frontend" in /etc/nginx/conf.d/default.conf:31
2022/06/27 00:26:03 [emerg] 1#1: host not found in upstream "frontend" in /etc/nginx/conf.d/default.conf:31
2022/06/27 00:27:05 [emerg] 1#1: host not found in upstream "frontend" in /etc/nginx/conf.d/default.conf:31
2022/06/27 00:28:08 [emerg] 1#1: host not found in upstream "frontend" in /etc/nginx/conf.d/default.conf:31
2022/06/27 00:29:10 [emerg] 1#1: host not found in upstream "frontend" in /etc/nginx/conf.d/default.conf:31
2022/06/27 00:30:13 [emerg] 1#1: host not found in upstream "frontend" in /etc/nginx/conf.d/default.conf:31
2022/06/27 00:31:15 [emerg] 1#1: host not found in upstream "frontend" in /etc/nginx/conf.d/default.conf:31
2022/06/27 00:32:18 [emerg] 1#1: host not found in upstream "frontend" in /etc/nginx/conf.d/default.conf:31
2022/06/27 00:33:21 [emerg] 1#1: host not found in upstream "frontend" in /etc/nginx/conf.d/default.conf:31
2022/06/27 00:34:23 [emerg] 1#1: host not found in upstream "frontend" in /etc/nginx/conf.d/default.conf:31
2022/06/27 00:35:26 [emerg] 1#1: host not found in upstream "frontend" in /etc/nginx/conf.d/default.conf:31
2022/06/27 00:36:28 [emerg] 1#1: host not found in upstream "frontend" in /etc/nginx/conf.d/default.conf:31
2022/06/27 00:37:30 [emerg] 1#1: host not found in upstream "frontend" in /etc/nginx/conf.d/default.conf:31
2022/06/27 00:38:33 [emerg] 1#1: host not found in upstream "frontend" in /etc/nginx/conf.d/default.conf:31
2022/06/27 00:38:45 [emerg] 1#1: host not found in upstream "frontend" in /etc/nginx/conf.d/default.conf:31
2022/06/27 00:38:57 [emerg] 1#1: host not found in upstream "frontend" in /etc/nginx/conf.d/default.conf:31
2022/06/27 00:39:02 [emerg] 1#1: host not found in upstream "frontend" in /etc/nginx/conf.d/default.conf:31
2022/06/27 00:39:05 [emerg] 1#1: host not found in upstream "frontend" in /etc/nginx/conf.d/default.conf:31
2022/06/27 00:39:08 [emerg] 1#1: host not found in upstream "frontend" in /etc/nginx/conf.d/default.conf:31
2022/06/27 00:39:12 [emerg] 1#1: host not found in upstream "frontend" in /etc/nginx/conf.d/default.conf:31
2022/06/27 00:39:17 [emerg] 1#1: host not found in upstream "frontend" in /etc/nginx/conf.d/default.conf:31
2022/06/27 00:39:26 [emerg] 1#1: host not found in upstream "frontend" in /etc/nginx/conf.d/default.conf:31
2022/06/27 00:39:41 [emerg] 1#1: host not found in upstream "frontend" in /etc/nginx/conf.d/default.conf:31
2022/06/27 00:40:09 [emerg] 1#1: host not found in upstream "frontend" in /etc/nginx/conf.d/default.conf:31
2022/06/27 00:41:02 [emerg] 1#1: host not found in upstream "frontend" in /etc/nginx/conf.d/default.conf:31
2022/06/27 00:42:05 [emerg] 1#1: host not found in upstream "frontend" in /etc/nginx/conf.d/default.conf:31
2022/06/27 00:43:07 [emerg] 1#1: host not found in upstream "frontend" in /etc/nginx/conf.d/default.conf:31
2022/06/27 00:44:10 [emerg] 1#1: host not found in upstream "frontend" in /etc/nginx/conf.d/default.conf:31
2022/06/27 00:45:12 [emerg] 1#1: host not found in upstream "frontend" in /etc/nginx/conf.d/default.conf:31
2022/06/27 00:46:15 [emerg] 1#1: host not found in upstream "frontend" in /etc/nginx/conf.d/default.conf:31
2022/06/27 00:47:17 [emerg] 1#1: host not found in upstream "frontend" in /etc/nginx/conf.d/default.conf:31
2022/06/27 00:48:19 [emerg] 1#1: host not found in upstream "frontend" in /etc/nginx/conf.d/default.conf:31
2022/06/27 00:49:22 [emerg] 1#1: host not found in upstream "frontend" in /etc/nginx/conf.d/default.conf:31
2022/06/27 00:50:24 [emerg] 1#1: host not found in upstream "frontend" in /etc/nginx/conf.d/default.conf:31
2022/06/27 00:51:27 [emerg] 1#1: host not found in upstream "frontend" in /etc/nginx/conf.d/default.conf:31
2022/06/27 00:52:29 [emerg] 1#1: host not found in upstream "frontend" in /etc/nginx/conf.d/default.conf:31
2022/06/27 00:53:32 [emerg] 1#1: host not found in upstream "frontend" in /etc/nginx/conf.d/default.conf:31
2022/06/27 00:54:34 [emerg] 1#1: host not found in upstream "frontend" in /etc/nginx/conf.d/default.conf:31
2022/06/27 00:55:36 [emerg] 1#1: host not found in upstream "frontend" in /etc/nginx/conf.d/default.conf:31
2022/06/27 00:56:39 [emerg] 1#1: host not found in upstream "frontend" in /etc/nginx/conf.d/default.conf:31
2022/06/27 00:57:41 [emerg] 1#1: host not found in upstream "frontend" in /etc/nginx/conf.d/default.conf:31
2022/06/27 00:58:44 [emerg] 1#1: host not found in upstream "frontend" in /etc/nginx/conf.d/default.conf:31
2022/06/27 00:59:46 [emerg] 1#1: host not found in upstream "frontend" in /etc/nginx/conf.d/default.conf:31
2022/06/27 01:00:49 [emerg] 1#1: host not found in upstream "frontend" in /etc/nginx/conf.d/default.conf:31
2022/06/27 01:01:51 [emerg] 1#1: host not found in upstream "frontend" in /etc/nginx/conf.d/default.conf:31
2022/06/27 01:02:53 [emerg] 1#1: host not found in upstream "frontend" in /etc/nginx/conf.d/default.conf:31
2022/06/27 01:03:56 [emerg] 1#1: host not found in upstream "frontend" in /etc/nginx/conf.d/default.conf:31
2022/06/27 01:04:58 [emerg] 1#1: host not found in upstream "frontend" in /etc/nginx/conf.d/default.conf:31
2022/06/27 01:06:00 [emerg] 1#1: host not found in upstream "frontend" in /etc/nginx/conf.d/default.conf:31
2022/06/27 01:07:03 [emerg] 1#1: host not found in upstream "frontend" in /etc/nginx/conf.d/default.conf:31
2022/06/27 01:08:05 [emerg] 1#1: host not found in upstream "frontend" in /etc/nginx/conf.d/default.conf:31
2022/06/27 01:09:08 [emerg] 1#1: host not found in upstream "frontend" in /etc/nginx/conf.d/default.conf:31
2022/06/27 01:10:10 [emerg] 1#1: host not found in upstream "frontend" in /etc/nginx/conf.d/default.conf:31
2022/06/27 01:11:13 [emerg] 1#1: host not found in upstream "frontend" in /etc/nginx/conf.d/default.conf:31
2022/06/27 01:12:15 [emerg] 1#1: host not found in upstream "frontend" in /etc/nginx/conf.d/default.conf:31
2022/06/27 01:13:17 [emerg] 1#1: host not found in upstream "frontend" in /etc/nginx/conf.d/default.conf:31
2022/06/27 01:14:20 [emerg] 1#1: host not found in upstream "frontend" in /etc/nginx/conf.d/default.conf:31
2022/06/27 01:15:22 [emerg] 1#1: host not found in upstream "frontend" in /etc/nginx/conf.d/default.conf:31
2022/06/27 01:16:25 [emerg] 1#1: host not found in upstream "frontend" in /etc/nginx/conf.d/default.conf:31
2022/06/27 01:17:27 [emerg] 1#1: host not found in upstream "frontend" in /etc/nginx/conf.d/default.conf:31
2022/06/27 01:18:29 [emerg] 1#1: host not found in upstream "frontend" in /etc/nginx/conf.d/default.conf:31
2022/06/27 01:19:32 [emerg] 1#1: host not found in upstream "frontend" in /etc/nginx/conf.d/default.conf:31
2022/06/27 01:20:34 [emerg] 1#1: host not found in upstream "frontend" in /etc/nginx/conf.d/default.conf:31
2022/06/27 01:21:37 [emerg] 1#1: host not found in upstream "frontend" in /etc/nginx/conf.d/default.conf:31
2022/06/27 01:22:39 [emerg] 1#1: host not found in upstream "frontend" in /etc/nginx/conf.d/default.conf:31
2022/06/27 01:23:42 [emerg] 1#1: host not found in upstream "frontend" in /etc/nginx/conf.d/default.conf:31
2022/06/27 01:24:44 [emerg] 1#1: host not found in upstream "frontend" in /etc/nginx/conf.d/default.conf:31
2022/06/27 01:25:46 [emerg] 1#1: host not found in upstream "frontend" in /etc/nginx/conf.d/default.conf:31
2022/06/27 01:26:48 [emerg] 1#1: host not found in upstream "frontend" in /etc/nginx/conf.d/default.conf:31
2022/06/27 01:27:51 [emerg] 1#1: host not found in upstream "frontend" in /etc/nginx/conf.d/default.conf:31
2022/06/27 01:28:53 [emerg] 1#1: host not found in upstream "frontend" in /etc/nginx/conf.d/default.conf:31
2022/06/27 01:29:55 [emerg] 1#1: host not found in upstream "frontend" in /etc/nginx/conf.d/default.conf:31
2022/06/27 01:30:57 [emerg] 1#1: host not found in upstream "frontend" in /etc/nginx/conf.d/default.conf:31
2022/06/27 01:32:00 [emerg] 1#1: host not found in upstream "frontend" in /etc/nginx/conf.d/default.conf:31
2022/06/27 01:33:02 [emerg] 1#1: host not found in upstream "frontend" in /etc/nginx/conf.d/default.conf:31
2022/06/27 01:34:04 [emerg] 1#1: host not found in upstream "frontend" in /etc/nginx/conf.d/default.conf:31
2022/06/27 01:35:06 [emerg] 1#1: host not found in upstream "frontend" in /etc/nginx/conf.d/default.conf:31
2022/06/27 01:36:09 [emerg] 1#1: host not found in upstream "frontend" in /etc/nginx/conf.d/default.conf:31
2022/06/27 01:37:11 [emerg] 1#1: host not found in upstream "frontend" in /etc/nginx/conf.d/default.conf:31
2022/06/27 01:38:13 [emerg] 1#1: host not found in upstream "frontend" in /etc/nginx/conf.d/default.conf:31
2022/06/27 01:39:15 [emerg] 1#1: host not found in upstream "frontend" in /etc/nginx/conf.d/default.conf:31
2022/06/27 01:40:18 [emerg] 1#1: host not found in upstream "frontend" in /etc/nginx/conf.d/default.conf:31
2022/06/27 01:41:20 [emerg] 1#1: host not found in upstream "frontend" in /etc/nginx/conf.d/default.conf:31
2022/06/27 01:42:22 [emerg] 1#1: host not found in upstream "frontend" in /etc/nginx/conf.d/default.conf:31
2022/06/27 17:01:01 [emerg] 1#1: host not found in upstream "frontend" in /etc/nginx/conf.d/default.conf:31
2022/06/27 17:01:04 [emerg] 1#1: host not found in upstream "frontend" in /etc/nginx/conf.d/default.conf:31
2022/06/27 17:01:07 [emerg] 1#1: host not found in upstream "frontend" in /etc/nginx/conf.d/default.conf:31
2022/06/27 17:01:10 [emerg] 1#1: host not found in upstream "frontend" in /etc/nginx/conf.d/default.conf:31
2022/06/27 17:01:14 [emerg] 1#1: host not found in upstream "frontend" in /etc/nginx/conf.d/default.conf:31
2022/06/27 17:01:18 [emerg] 1#1: host not found in upstream "frontend" in /etc/nginx/conf.d/default.conf:31
2022/06/27 17:01:23 [emerg] 1#1: host not found in upstream "frontend" in /etc/nginx/conf.d/default.conf:31
2022/06/27 17:01:32 [emerg] 1#1: host not found in upstream "frontend" in /etc/nginx/conf.d/default.conf:31
2022/06/27 17:01:47 [emerg] 1#1: host not found in upstream "frontend" in /etc/nginx/conf.d/default.conf:31
2022/06/27 17:02:15 [emerg] 1#1: host not found in upstream "frontend" in /etc/nginx/conf.d/default.conf:31
2022/06/27 17:02:38 [emerg] 1#1: host not found in upstream "frontend" in /etc/nginx/conf.d/default.conf:31
2022/06/27 17:02:41 [emerg] 1#1: host not found in upstream "frontend" in /etc/nginx/conf.d/default.conf:31
2022/06/27 17:02:44 [emerg] 1#1: host not found in upstream "frontend" in /etc/nginx/conf.d/default.conf:31
2022/06/27 17:02:47 [emerg] 1#1: host not found in upstream "frontend" in /etc/nginx/conf.d/default.conf:31
2022/06/27 17:02:50 [emerg] 1#1: host not found in upstream "frontend" in /etc/nginx/conf.d/default.conf:31
2022/06/27 17:02:54 [emerg] 1#1: host not found in upstream "frontend" in /etc/nginx/conf.d/default.conf:31
2022/06/27 17:03:00 [emerg] 1#1: host not found in upstream "frontend" in /etc/nginx/conf.d/default.conf:31
2022/06/27 17:03:08 [emerg] 1#1: host not found in upstream "frontend" in /etc/nginx/conf.d/default.conf:31
2022/06/27 17:03:23 [emerg] 1#1: host not found in upstream "frontend" in /etc/nginx/conf.d/default.conf:31
2022/06/27 17:09:28 [error] 7#7: *1 directory index of "/var/www/html/" is forbidden, client: 172.19.0.1, server: _, request: "GET / HTTP/1.1", host: "www.localhost"
2022/06/27 17:10:07 [error] 7#7: *1 directory index of "/var/www/html/" is forbidden, client: 172.19.0.1, server: _, request: "GET / HTTP/1.1", host: "www.localhost"
2022/06/27 17:10:12 [error] 7#7: *1 directory index of "/var/www/html/" is forbidden, client: 172.19.0.1, server: _, request: "GET / HTTP/1.1", host: "www.localhost"
2022/06/27 17:11:42 [error] 8#8: *1 directory index of "/var/www/html/" is forbidden, client: 172.19.0.1, server: _, request: "GET / HTTP/1.1", host: "www.localhost"
2022/06/27 19:20:23 [emerg] 1#1: BIO_new_file("/etc/ssl/certs/certificate.crt") failed (SSL: error:02001002:system library:fopen:No such file or directory:fopen('/etc/ssl/certs/certificate.crt','r') error:2006D080:BIO routines:BIO_new_file:no such file)
2022/06/27 19:20:25 [emerg] 1#1: BIO_new_file("/etc/ssl/certs/certificate.crt") failed (SSL: error:02001002:system library:fopen:No such file or directory:fopen('/etc/ssl/certs/certificate.crt','r') error:2006D080:BIO routines:BIO_new_file:no such file)
2022/06/27 19:20:27 [emerg] 1#1: BIO_new_file("/etc/ssl/certs/certificate.crt") failed (SSL: error:02001002:system library:fopen:No such file or directory:fopen('/etc/ssl/certs/certificate.crt','r') error:2006D080:BIO routines:BIO_new_file:no such file)
2022/06/27 19:20:29 [emerg] 1#1: BIO_new_file("/etc/ssl/certs/certificate.crt") failed (SSL: error:02001002:system library:fopen:No such file or directory:fopen('/etc/ssl/certs/certificate.crt','r') error:2006D080:BIO routines:BIO_new_file:no such file)
2022/06/27 19:20:31 [emerg] 1#1: BIO_new_file("/etc/ssl/certs/certificate.crt") failed (SSL: error:02001002:system library:fopen:No such file or directory:fopen('/etc/ssl/certs/certificate.crt','r') error:2006D080:BIO routines:BIO_new_file:no such file)
2022/06/27 19:20:34 [emerg] 1#1: BIO_new_file("/etc/ssl/certs/certificate.crt") failed (SSL: error:02001002:system library:fopen:No such file or directory:fopen('/etc/ssl/certs/certificate.crt','r') error:2006D080:BIO routines:BIO_new_file:no such file)
2022/06/27 19:20:39 [emerg] 1#1: BIO_new_file("/etc/ssl/certs/certificate.crt") failed (SSL: error:02001002:system library:fopen:No such file or directory:fopen('/etc/ssl/certs/certificate.crt','r') error:2006D080:BIO routines:BIO_new_file:no such file)
2022/06/27 19:20:46 [emerg] 1#1: BIO_new_file("/etc/ssl/certs/certificate.crt") failed (SSL: error:02001002:system library:fopen:No such file or directory:fopen('/etc/ssl/certs/certificate.crt','r') error:2006D080:BIO routines:BIO_new_file:no such file)
2022/06/27 19:21:00 [emerg] 1#1: BIO_new_file("/etc/ssl/certs/certificate.crt") failed (SSL: error:02001002:system library:fopen:No such file or directory:fopen('/etc/ssl/certs/certificate.crt','r') error:2006D080:BIO routines:BIO_new_file:no such file)
2022/06/27 19:21:27 [emerg] 1#1: BIO_new_file("/etc/ssl/certs/certificate.crt") failed (SSL: error:02001002:system library:fopen:No such file or directory:fopen('/etc/ssl/certs/certificate.crt','r') error:2006D080:BIO routines:BIO_new_file:no such file)
2022/06/27 19:22:20 [emerg] 1#1: BIO_new_file("/etc/ssl/certs/certificate.crt") failed (SSL: error:02001002:system library:fopen:No such file or directory:fopen('/etc/ssl/certs/certificate.crt','r') error:2006D080:BIO routines:BIO_new_file:no such file)
2022/06/27 19:32:06 [error] 7#7: *1 directory index of "/var/www/html/" is forbidden, client: 172.19.0.1, server: _, request: "GET / HTTP/1.1", host: "www.localhost"
2022/06/27 19:32:10 [error] 7#7: *1 directory index of "/var/www/html/" is forbidden, client: 172.19.0.1, server: _, request: "GET / HTTP/1.1", host: "www.localhost"
